<?xml version="1.0" encoding="UTF-8"?>
<!-- Generated by org.testng.reporters.JUnitReportReporter -->
<testsuite hostname="DESKTOP-J1CGGHU" failures="0" tests="2" name="ScreenRecorderTest" time="78.936" errors="0" timestamp="2021-03-08T16:49:54 IST" skipped="0">
  <testcase classname="ScreenRecorderTest" name="navigationTest" time="44.651"/>
  <system-out/>
  <testcase classname="ScreenRecorderTest" name="navigation_FeatureTest" time="34.285"/>
  <system-out/>
</testsuite> <!-- ScreenRecorderTest -->
